
My PID: 17454
From a new terminal type `kill -SIGINT 17454` or `kill -SIGTERM 17454` to stop processing packets

My ID: 1

List of resolved hosts is:
==========================
1
Human-readable IP: 127.0.0.1
Machine-readable IP: 16777343
Human-readbale Port: 11001
Machine-readbale Port: 63786

2
Human-readable IP: 127.0.0.1
Machine-readable IP: 16777343
Human-readbale Port: 11002
Machine-readbale Port: 64042

3
Human-readable IP: 127.0.0.1
Machine-readable IP: 16777343
Human-readbale Port: 11003
Machine-readbale Port: 64298


Path to output:
===============
/mnt/c/Users/Admin/Documents/CS451-2023-project/example/output/proc01.output
File opened and cleared successfully

Path to config:
===============
./example/output/proc01.config

Lattice Agreement:
===============
Configure result is parser.proposals_lattice[0].size()= 1
parser.proposals_lattice[1].size()= 3
parser.proposals_lattice[2].size()= 2
parser.proposals_lattice[3].size()= 1
parser.proposals_lattice[4].size()= 1
parser.proposals_lattice[5].size()= 3
parser.proposals_lattice[6].size()= 3
parser.proposals_lattice[7].size()= 2
parser.proposals_lattice[8].size()= 1
parser.proposals_lattice[9].size()= 3
SUCCESS
Numbers of proposals: 10
Doing some initialization...
22:52:02.933 00:00.026 init udp done
22:52:02.933 00:00.027 init perfectlink done

Broadcasting and delivering messages...

22:52:02.935 00:00.029 init perfectlink done
====================== round_num 0
parser.active_lattice 0
parser.ack_count_lattice 0
parser.nack_count_lattice 0
parser.active_proposal_number_lattice 0
parser.proposed_value_lattice 0
parser.accepted_value_lattice 0
parser.fin_lattice 0
22:52:02.942 00:00.035 478163327 PROP 0
22:52:02.948 00:00.042 P478163327/1 recv
22:52:02.959 00:00.053 A/1 recv
22:52:02.963 00:00.056 P107420369/1 recv
22:52:02.973 00:00.067 P1051802512/1 recv
22:52:02.984 00:00.078 A/1 recv
22:52:02.991 00:00.085 478163327 DECI 0
22:52:02.991 00:00.085 A/1 recv
22:52:02.994 00:00.088 A/1 recv
22:52:02.997 00:00.091 P478163327/1 recv
22:52:03.008 00:00.102 N107420369,478163327,1051802512/1 recv
22:52:03.011 00:00.105 P107420369,478163327/2 recv
22:52:03.022 00:00.116 A/1 recv
22:52:03.030 00:00.123 P1051802512/1 recv
22:52:03.041 00:00.134 A/1 recv
22:52:03.046 00:00.139 P107420369,478163327/2 recv
22:52:03.138 00:00.232 P107420369/1 recv
22:52:03.149 00:00.242 round 0: 1
22:52:03.149 00:00.242 P107420369,478163327,1051802512/2 recv
22:52:03.149 00:00.243 pthread_join send
22:52:03.160 00:00.254 N107420369,478163327,1051802512/1 recv
22:52:03.167 00:00.261 F0/1 recv
22:52:03.171 00:00.265 F0/1 recv
22:52:03.175 00:00.268 N107420369,478163327,1051802512/1 recv
22:52:03.178 00:00.272 N107420369,478163327,1051802512/1 recv
22:52:03.183 00:00.276 N107420369,478163327,1051802512/1 recv
22:52:03.186 00:00.280 P107420369,478163327,1051802512/2 recv
22:52:03.197 00:00.291 N107420369,478163327,1051802512/1 recv
22:52:03.201 00:00.295 P107420369,478163327/2 recv
22:52:03.212 00:00.306 N107420369,478163327,1051802512/1 recv
22:52:03.216 00:00.309 N107420369,478163327,1051802512/1 recv
22:52:03.219 00:00.313 N107420369,478163327,1051802512/1 recv
22:52:03.222 00:00.315 P107420369,478163327,1051802512/2 recv
22:52:03.232 00:00.326 F0/1 recv
22:52:03.239 00:00.333 N107420369,478163327,1051802512/1 recv
22:52:03.242 00:00.335 N107420369,478163327,1051802512/1 recv
22:52:03.244 00:00.338 P107420369,478163327,1051802512/2 recv
22:52:03.255 00:00.349 N107420369,478163327,1051802512/1 recv
22:52:03.258 00:00.352 P107420369,478163327,1051802512/3 recv
22:52:03.269 00:00.363 F0/3 recv
22:52:03.275 00:00.369 pthread_join recv
22:52:03.305 00:00.399 init perfectlink done
====================== round_num 1
parser.active_lattice 0
parser.ack_count_lattice 0
parser.nack_count_lattice 0
parser.active_proposal_number_lattice 0
parser.proposed_value_lattice 0
parser.accepted_value_lattice 0
parser.fin_lattice 0
22:52:03.316 00:00.410 478163327 958682846 1181241943 PROP 1
22:52:03.317 00:00.411 P1051802512,1181241943/1 recv
22:52:03.339 00:00.432 P1051802512,1181241943/1 recv
22:52:03.351 00:00.445 P478163327,958682846,1181241943/1 recv
22:52:03.363 00:00.457 N478163327,958682846,1051802512,1181241943/1 recv
22:52:03.372 00:00.466 N478163327,958682846,1051802512,1181241943/1 recv
22:52:03.384 00:00.478 P478163327,958682846,1181241943/1 recv
22:52:03.396 00:00.490 N478163327,958682846,1051802512,1181241943/1 recv
22:52:04.366 00:01.459 P1051802512,1181241943/1 recv
22:52:04.378 00:01.472 N478163327,958682846,1051802512,1181241943/1 recv
22:52:04.443 00:01.536 F1/3 recv
22:52:04.484 00:01.578 N478163327,958682846,1051802512,1181241943/1 recv
22:52:04.486 00:01.579 F1/3 recv
22:52:04.498 00:01.592 N478163327,958682846,1051802512,1181241943/1 recv
22:52:04.500 00:01.593 P1051802512,1181241943/1 recv
22:52:04.512 00:01.606 N478163327,958682846,1051802512,1181241943/1 recv
22:52:04.514 00:01.607 F1/3 recv
22:52:04.524 00:01.618 N478163327,958682846,1051802512,1181241943/1 recv
22:52:04.525 00:01.619 F1/3 recv
22:52:04.536 00:01.630 N478163327,958682846,1051802512,1181241943/1 recv
22:52:04.537 00:01.631 F1/3 recv
22:52:04.548 00:01.642 N478163327,958682846,1051802512,1181241943/1 recv
22:52:04.549 00:01.643 N478163327,958682846,1051802512,1181241943/1 recv
22:52:04.550 00:01.644 F1/3 recv
22:52:04.560 00:01.654 N478163327,958682846,1051802512,1181241943/1 recv
22:52:04.562 00:01.655 N478163327,958682846,1051802512,1181241943/1 recv
22:52:04.563 00:01.657 F1/3 recv
22:52:04.574 00:01.667 N478163327,958682846,1051802512,1181241943/1 recv
22:52:04.575 00:01.669 F1/3 recv
22:52:04.585 00:01.679 N478163327,958682846,1051802512,1181241943/1 recv
22:52:04.587 00:01.680 F1/3 recv
22:52:04.597 00:01.691 N478163327,958682846,1051802512,1181241943/1 recv
22:52:04.599 00:01.692 F1/3 recv
22:52:04.609 00:01.703 N478163327,958682846,1051802512,1181241943/1 recv
22:52:04.610 00:01.704 F1/3 recv
22:52:04.628 00:01.721 N478163327,958682846,1051802512,1181241943/1 recv
22:52:04.629 00:01.722 F1/3 recv
22:52:04.643 00:01.737 N478163327,958682846,1051802512,1181241943/1 recv
22:52:04.644 00:01.738 F1/3 recv
22:52:04.660 00:01.754 N478163327,958682846,1051802512,1181241943/1 recv
22:52:04.661 00:01.755 P478163327,958682846,1051802512,1181241943/2 recv
22:52:04.673 00:01.767 P478163327,958682846,1051802512,1181241943/2 recv
22:52:05.089 00:02.183 P478163327,958682846,1051802512,1181241943/2 recv
22:52:05.100 00:02.194 P478163327,958682846,1051802512,1181241943/2 recv
22:52:05.112 00:02.206 P478163327,958682846,1051802512,1181241943/2 recv
22:52:05.123 00:02.217 A/2 recv
22:52:05.126 00:02.220 A/2 recv
22:52:05.130 00:02.224 A/2 recv
22:52:05.135 00:02.229 A/2 recv
22:52:05.139 00:02.233 P478163327,958682846,1051802512,1181241943/2 recv
22:52:05.150 00:02.244 A/2 recv
22:52:05.154 00:02.247 A/2 recv
22:52:05.157 00:02.250 A/2 recv
22:52:05.160 00:02.254 A/2 recv
22:52:05.163 00:02.257 P478163327,958682846,1051802512,1181241943/2 recv
22:52:05.174 00:02.268 A/2 recv
22:52:05.580 00:02.674 F1/3 recv
22:52:05.589 00:02.683 N478163327,958682846,1051802512,1181241943/1 recv
22:52:05.590 00:02.684 N478163327,958682846,1051802512,1181241943/1 recv
22:52:05.607 00:02.700 A/2 recv
22:52:05.640 00:02.734 478163327 958682846 1051802512 1181241943 DECI 1
22:52:05.641 00:02.735 A/2 recv
22:52:05.649 00:02.743 A/2 recv
22:52:05.656 00:02.749 F1/3 recv
22:52:05.689 00:02.783 round 1: 1 3
22:52:05.691 00:02.785 pthread_join send
22:52:05.695 00:02.788 pthread_join recv
22:52:05.697 00:02.790 init perfectlink done
====================== round_num 2
parser.active_lattice 0
parser.ack_count_lattice 0
parser.nack_count_lattice 0
parser.active_proposal_number_lattice 0
parser.proposed_value_lattice 0
parser.accepted_value_lattice 0
parser.fin_lattice 0
22:52:05.713 00:02.807 478163327 958682846 PROP 2
22:52:05.750 00:02.843 P478163327,958682846/1 recv
22:52:05.774 00:02.868 A/1 recv
22:52:05.796 00:02.889 A/1 recv
22:52:06.004 00:03.098 P478163327,958682846/1 recv
22:52:06.056 00:03.150 A/1 recv
22:52:06.073 00:03.166 478163327 958682846 DECI 2
22:52:06.073 00:03.167 P1181241943/1 recv
22:52:06.084 00:03.178 A/1 recv
22:52:06.098 00:03.191 A/1 recv
22:52:06.102 00:03.195 P1181241943/1 recv
22:52:06.112 00:03.206 A/1 recv
22:52:06.118 00:03.212 A/1 recv
22:52:06.441 00:03.535 P478163327,958682846/1 recv
22:52:06.452 00:03.546 round 2: 1
22:52:06.455 00:03.549 A/1 recv
22:52:06.455 00:03.549 pthread_join send
22:52:06.464 00:03.558 F2/1 recv
22:52:06.478 00:03.572 N478163327,958682846,1181241943/1 recv
22:52:06.486 00:03.580 A/1 recv
22:52:06.504 00:03.597 N478163327,958682846,1181241943/1 recv
22:52:06.515 00:03.609 P1181241943/1 recv
22:52:06.527 00:03.621 P478163327,958682846,1181241943/2 recv
22:52:06.539 00:03.633 N478163327,958682846,1181241943/1 recv
22:52:06.545 00:03.639 N478163327,958682846,1181241943/1 recv
22:52:06.551 00:03.645 A/1 recv
22:52:06.562 00:03.656 F2/1 recv
22:52:06.569 00:03.663 N478163327,958682846,1181241943/1 recv
22:52:06.576 00:03.670 F2/1 recv
22:52:07.056 00:04.149 N478163327,958682846,1181241943/1 recv
22:52:07.058 00:04.152 F2/1 recv
22:52:07.066 00:04.160 N478163327,958682846,1181241943/1 recv
22:52:07.074 00:04.167 N478163327,958682846,1181241943/1 recv
22:52:07.079 00:04.173 P478163327,958682846,1181241943/2 recv
22:52:07.090 00:04.184 P478163327,958682846,1181241943/2 recv
22:52:07.102 00:04.196 F2/3 recv
22:52:07.110 00:04.204 pthread_join recv
22:52:07.111 00:04.204 init perfectlink done
====================== round_num 3
parser.active_lattice 0
parser.ack_count_lattice 0
parser.nack_count_lattice 0
parser.active_proposal_number_lattice 0
parser.proposed_value_lattice 0
parser.accepted_value_lattice 0
parser.fin_lattice 0
22:52:07.111 00:04.205 P107420369,1181241943/1 recv
22:52:07.114 00:04.208 107420369 PROP 3
22:52:07.125 00:04.219 P107420369,1181241943/1 recv
22:52:07.136 00:04.230 P107420369,1181241943/1 recv
22:52:07.147 00:04.241 P107420369,1181241943/1 recv
22:52:07.166 00:04.260 P107420369,1181241943/1 recv
22:52:07.177 00:04.271 P107420369/1 recv
22:52:07.603 00:04.697 P107420369/1 recv
22:52:07.620 00:04.714 N107420369,1181241943/1 recv
22:52:07.635 00:04.729 N107420369,1181241943/1 recv
22:52:07.682 00:04.776 F3/3 recv
22:52:07.695 00:04.789 F3/3 recv
22:52:07.700 00:04.794 N107420369,1181241943/1 recv
22:52:07.700 00:04.794 N107420369,1181241943/1 recv
22:52:07.701 00:04.794 F3/3 recv
22:52:07.705 00:04.798 N107420369,1181241943/1 recv
22:52:07.705 00:04.799 F3/3 recv
22:52:07.707 00:04.801 N107420369,1181241943/1 recv
22:52:07.708 00:04.801 F3/3 recv
22:52:07.710 00:04.804 N107420369,1181241943/1 recv
22:52:07.711 00:04.804 F3/3 recv
22:52:07.716 00:04.809 N107420369,1181241943/1 recv
22:52:07.716 00:04.810 N107420369,1181241943/1 recv
22:52:07.716 00:04.810 N107420369,1181241943/1 recv
22:52:07.717 00:04.810 P107420369/1 recv
22:52:07.728 00:04.821 N107420369,1181241943/1 recv
22:52:07.728 00:04.822 P107420369,1181241943/2 recv
22:52:07.739 00:04.833 F3/3 recv
22:52:07.742 00:04.836 N107420369,1181241943/1 recv
22:52:07.742 00:04.836 N107420369,1181241943/1 recv
22:52:07.743 00:04.836 P107420369,1181241943/2 recv
22:52:07.753 00:04.847 P107420369/1 recv
22:52:07.764 00:04.857 N107420369,1181241943/1 recv
22:52:07.765 00:04.859 A/2 recv
22:52:08.254 00:05.348 A/2 recv
22:52:08.258 00:05.352 F3/3 recv
22:52:08.261 00:05.355 N107420369,1181241943/1 recv
22:52:08.261 00:05.355 N107420369,1181241943/1 recv
22:52:08.262 00:05.355 P107420369,1181241943/2 recv
22:52:08.273 00:05.366 P107420369/1 recv
22:52:08.292 00:05.385 A/2 recv
22:52:08.295 00:05.389 A/2 recv
22:52:08.302 00:05.396 107420369 1181241943 DECI 3
22:52:08.302 00:05.396 A/2 recv
22:52:08.305 00:05.399 N107420369,1181241943/1 recv
22:52:08.306 00:05.399 A/2 recv
22:52:08.311 00:05.404 A/2 recv
22:52:08.315 00:05.409 A/2 recv
22:52:08.318 00:05.412 A/2 recv
22:52:08.321 00:05.415 A/2 recv
22:52:08.328 00:05.422 A/2 recv
22:52:08.332 00:05.426 A/2 recv
22:52:08.335 00:05.429 A/2 recv
22:52:08.338 00:05.431 P107420369,1181241943/2 recv
22:52:08.349 00:05.442 A/2 recv
22:52:08.352 00:05.446 A/2 recv
22:52:08.355 00:05.449 N107420369,1181241943/1 recv
22:52:08.355 00:05.449 A/2 recv
22:52:08.359 00:05.452 F3/1 recv
22:52:08.382 00:05.476 round 3: 1 3
22:52:08.383 00:05.477 pthread_join send
22:52:08.384 00:05.477 pthread_join recv
22:52:08.385 00:05.479 init perfectlink done
====================== round_num 4
parser.active_lattice 0
parser.ack_count_lattice 0
parser.nack_count_lattice 0
parser.active_proposal_number_lattice 0
parser.proposed_value_lattice 0
parser.accepted_value_lattice 0
parser.fin_lattice 0
22:52:08.389 00:05.482 958682846 PROP 4
22:52:08.392 00:05.486 P958682846/1 recv
22:52:08.403 00:05.496 A/1 recv
22:52:08.405 00:05.499 P107420369,478163327,1181241943/1 recv
22:52:08.416 00:05.510 A/1 recv
22:52:08.524 00:05.618 958682846 DECI 4
22:52:08.529 00:05.622 P107420369,478163327,958682846,1181241943/2 recv
22:52:08.544 00:05.638 A/1 recv
22:52:08.577 00:05.671 P107420369,478163327,1181241943/1 recv
22:52:08.592 00:05.686 P107420369,478163327,958682846,1181241943/2 recv
22:52:08.619 00:05.713 A/1 recv
22:52:08.633 00:05.726 round 4: 1
22:52:08.639 00:05.732 pthread_join send
22:52:08.650 00:05.744 P107420369,478163327,1181241943/1 recv
22:52:08.661 00:05.755 P107420369,478163327,958682846,1181241943/2 recv
22:52:08.839 00:05.933 A/1 recv
22:52:08.851 00:05.945 P958682846/1 recv
22:52:08.863 00:05.957 A/1 recv
22:52:08.881 00:05.975 P107420369,478163327,1181241943/1 recv
22:52:08.894 00:05.987 P107420369,478163327,958682846,1181241943/2 recv
22:52:08.906 00:06.000 F4/1 recv
22:52:08.917 00:06.010 A/1 recv
22:52:08.928 00:06.021 F4/1 recv
22:52:08.936 00:06.029 P958682846/1 recv
22:52:08.948 00:06.042 A/1 recv
22:52:08.959 00:06.052 P107420369,478163327,1181241943/1 recv
22:52:08.972 00:06.066 P107420369,478163327,958682846,1181241943/2 recv
22:52:08.984 00:06.078 F4/3 recv
22:52:09.019 00:06.113 pthread_join recv
22:52:09.030 00:06.124 init perfectlink done
====================== round_num 5
parser.active_lattice 0
parser.ack_count_lattice 0
parser.nack_count_lattice 0
parser.active_proposal_number_lattice 0
parser.proposed_value_lattice 0
parser.accepted_value_lattice 0
parser.fin_lattice 0
22:52:09.045 00:06.139 107420369 478163327 1181241943 PROP 5
22:52:09.077 00:06.171 P107420369,478163327,1181241943/1 recv
22:52:09.088 00:06.182 A/1 recv
22:52:09.090 00:06.183 A/1 recv
22:52:09.091 00:06.185 P107420369,478163327,1181241943/1 recv
22:52:09.102 00:06.196 A/1 recv
22:52:09.148 00:06.241 A/1 recv
22:52:09.574 00:06.668 P107420369,958682846,1051802512/1 recv
22:52:09.587 00:06.681 P107420369,958682846,1051802512/1 recv
22:52:09.599 00:06.693 P107420369,958682846,1051802512/1 recv
22:52:09.615 00:06.709 A/1 recv
22:52:09.694 00:06.788 107420369 478163327 1181241943 DECI 5
22:52:09.710 00:06.803 A/1 recv
22:52:09.720 00:06.814 A/1 recv
22:52:09.727 00:06.821 A/1 recv
22:52:09.732 00:06.825 P107420369,958682846,1051802512/1 recv
22:52:09.743 00:06.837 A/1 recv
22:52:09.750 00:06.843 P107420369,958682846,1051802512/1 recv
22:52:09.761 00:06.855 round 5: 1
22:52:09.762 00:06.855 A/1 recv
22:52:09.763 00:06.856 pthread_join send
22:52:09.770 00:06.863 P107420369,958682846,1051802512/1 recv
22:52:09.781 00:06.875 A/1 recv
22:52:09.788 00:06.882 P107420369,958682846,1051802512/1 recv
22:52:09.800 00:06.893 A/1 recv
22:52:09.807 00:06.901 P107420369,958682846,1051802512/1 recv
22:52:09.818 00:06.912 P107420369,478163327,958682846,1051802512,1181241943/2 recv
22:52:09.830 00:06.924 F5/1 recv
22:52:09.836 00:06.929 A/1 recv
22:52:09.842 00:06.936 P107420369,478163327,958682846,1051802512,1181241943/2 recv
22:52:09.853 00:06.947 P107420369,958682846,1051802512/1 recv
22:52:09.864 00:06.958 N107420369,478163327,958682846,1051802512,1181241943/1 recv
22:52:09.870 00:06.963 F5/1 recv
22:52:09.876 00:06.970 N107420369,478163327,958682846,1051802512,1181241943/1 recv
22:52:09.883 00:06.977 N107420369,478163327,958682846,1051802512,1181241943/1 recv
22:52:09.890 00:06.984 P107420369,478163327,958682846,1051802512,1181241943/2 recv
22:52:09.902 00:06.995 F5/1 recv
22:52:09.908 00:07.001 N107420369,478163327,958682846,1051802512,1181241943/1 recv
22:52:09.913 00:07.007 P107420369,478163327,958682846,1051802512,1181241943/2 recv
22:52:09.924 00:07.018 F5/1 recv
22:52:09.929 00:07.022 F5/3 recv
22:52:09.942 00:07.036 pthread_join recv
22:52:09.984 00:07.078 init perfectlink done
====================== round_num 6
parser.active_lattice 0
parser.ack_count_lattice 0
parser.nack_count_lattice 0
parser.active_proposal_number_lattice 0
parser.proposed_value_lattice 0
parser.accepted_value_lattice 22:52:09.992 00:07.0850 
parser.fin_lattice 0
P107420369,1181241943/1 recv
22:52:09.994 00:07.088 478163327 958682846 1051802512 PROP 6
22:52:10.006 00:07.100 P107420369,1181241943/1 recv
22:52:10.018 00:07.112 P478163327,958682846,1051802512/1 recv
22:52:10.031 00:07.125 N107420369,478163327,958682846,1051802512,1181241943/1 recv
22:52:10.046 00:07.139 N107420369,478163327,958682846,1051802512,1181241943/1 recv
22:52:10.057 00:07.150 P478163327,958682846,1051802512/1 recv
22:52:10.069 00:07.163 P107420369,1181241943/1 recv
22:52:10.082 00:07.176 N107420369,478163327,958682846,1051802512,1181241943/1 recv
22:52:10.093 00:07.186 N107420369,478163327,958682846,1051802512,1181241943/1 recv
22:52:10.147 00:07.241 N107420369,478163327,958682846,1051802512,1181241943/1 recv
22:52:10.149 00:07.243 F6/3 recv
22:52:10.159 00:07.253 P107420369,478163327,958682846,1051802512,1181241943/2 recv
22:52:10.172 00:07.265 A/2 recv
22:52:10.179 00:07.273 A/2 recv
22:52:10.187 00:07.280 P107420369,478163327,958682846,1051802512,1181241943/2 recv
22:52:10.199 00:07.293 A/2 recv
22:52:10.212 00:07.306 F6/3 recv
22:52:10.224 00:07.318 N107420369,478163327,958682846,1051802512,1181241943/1 recv
22:52:10.229 00:07.323 N107420369,478163327,958682846,1051802512,1181241943/1 recv
22:52:10.231 00:07.325 A/2 recv
22:52:10.256 00:07.350 107420369 478163327 958682846 1051802512 1181241943 DECI 6
22:52:10.258 00:07.351 A/2 recv
22:52:10.268 00:07.362 A/2 recv
22:52:10.278 00:07.372 A/2 recv
22:52:10.289 00:07.383 F6/3 recv
22:52:10.333 00:07.427 round 6: 1 3
22:52:10.338 00:07.431 pthread_join send
22:52:10.339 00:07.433 pthread_join recv
22:52:10.340 00:07.434 init perfectlink done
====================== round_num 7
parser.active_lattice 0
parser.ack_count_lattice 0
parser.nack_count_lattice 0
parser.active_proposal_number_lattice 0
parser.proposed_value_lattice 0
parser.accepted_value_lattice 0
parser.fin_lattice 0
22:52:10.352 00:07.446 958682846 1181241943 PROP 7
22:52:10.370 00:07.463 P958682846,1181241943/1 recv
22:52:10.382 00:07.475 A/1 recv
22:52:10.391 00:07.485 A/1 recv
22:52:10.411 00:07.505 958682846 1181241943 DECI 7
22:52:10.412 00:07.506 P478163327,1051802512,1181241943/1 recv
22:52:10.423 00:07.517 A/1 recv
22:52:10.432 00:07.525 P958682846,1181241943/1 recv
22:52:10.443 00:07.537 A/1 recv
22:52:10.457 00:07.551 P478163327,1051802512,1181241943/1 recv
22:52:10.470 00:07.564 N478163327,958682846,1051802512,1181241943/1 recv
22:52:10.483 00:07.576 F7/1 recv
22:52:10.483 00:07.577 round 7: 1
22:52:10.486 00:07.580 pthread_join send
22:52:10.496 00:07.590 P478163327,958682846,1051802512,1181241943/2 recv
22:52:10.508 00:07.602 F7/1 recv
22:52:10.518 00:07.612 N478163327,958682846,1051802512,1181241943/1 recv
22:52:10.527 00:07.621 P478163327,1051802512,1181241943/1 recv
22:52:10.539 00:07.633 P478163327,958682846,1051802512,1181241943/2 recv
22:52:10.552 00:07.646 N478163327,958682846,1051802512,1181241943/1 recv
22:52:10.564 00:07.657 F7/1 recv
22:52:10.573 00:07.667 N478163327,958682846,1051802512,1181241943/1 recv
22:52:10.579 00:07.673 N478163327,958682846,1051802512,1181241943/1 recv
22:52:10.587 00:07.681 P478163327,958682846,1051802512,1181241943/2 recv
22:52:10.637 00:07.730 F7/3 recv
22:52:10.655 00:07.749 pthread_join recv
22:52:10.698 00:07.792 init perfectlink done
====================== round_num 8
parser.active_lattice 0
parser.ack_count_lattice 0
parser.nack_count_lattice 0
parser.active_proposal_number_lattice 0
parser.proposed_value_lattice 0
parser.accepted_value_lattice 0
parser.fin_lattice 0
22:52:10.700 00:07.794 P1181241943/1 recv
22:52:10.711 00:07.805 107420369 PROP 8
22:52:10.723 00:07.817 P107420369/1 recv
22:52:10.735 00:07.829 N107420369,1181241943/1 recv
22:52:10.763 00:07.857 N107420369,1181241943/1 recv
22:52:10.770 00:07.864 P107420369/1 recv
22:52:10.782 00:07.876 N107420369,1181241943/1 recv
22:52:10.793 00:07.887 N107420369,1181241943/1 recv
22:52:10.843 00:07.937 F8/3 recv
22:52:10.852 00:07.946 N107420369,1181241943/1 recv
22:52:10.853 00:07.947 F8/3 recv
22:52:10.865 00:07.958 N107420369,1181241943/1 recv
22:52:10.866 00:07.959 P107420369,1181241943/2 recv
22:52:10.877 00:07.971 P107420369,1181241943/2 recv
22:52:10.889 00:07.983 N107420369,1181241943/1 recv
22:52:10.890 00:07.984 A/2 recv
22:52:10.899 00:07.993 A/2 recv
22:52:10.909 00:08.003 F8/3 recv
22:52:10.916 00:08.010 A/2 recv
22:52:10.933 00:08.027 107420369 1181241943 DECI 8
22:52:10.934 00:08.028 A/2 recv
22:52:10.941 00:08.035 A/2 recv
22:52:10.949 00:08.043 P107420369,1181241943/2 recv
22:52:10.961 00:08.055 A/2 recv
22:52:10.974 00:08.068 A/2 recv
22:52:10.996 00:08.089 round 8: 1 3
22:52:11.013 00:08.107 pthread_join send
22:52:11.017 00:08.110 A/2 recv
22:52:11.050 00:08.144 P107420369,1181241943/2 recv
22:52:11.062 00:08.156 A/2 recv
22:52:11.066 00:08.160 F8/1 recv
22:52:11.074 00:08.167 pthread_join recv
22:52:11.074 00:08.168 init perfectlink done
====================== round_num 9
parser.active_lattice 0
parser.ack_count_lattice 0
parser.nack_count_lattice 0
parser.active_proposal_number_lattice 0
parser.proposed_value_lattice 0
parser.accepted_value_lattice 0
parser.fin_lattice 0
22:52:11.078 00:08.171 107420369 1051802512 1181241943 PROP 9
22:52:11.078 00:08.172 P478163327,1181241943/1 recv
22:52:11.089 00:08.183 P107420369,1051802512,1181241943/1 recv
22:52:11.100 00:08.194 N107420369,478163327,1051802512,1181241943/1 recv
22:52:11.103 00:08.197 N107420369,478163327,1051802512,1181241943/1 recv
22:52:11.141 00:08.235 P107420369,478163327,1051802512,1181241943/2 recv
22:52:11.153 00:08.247 N107420369,478163327,1051802512,1181241943/1 recv
22:52:11.155 00:08.248 P478163327,1181241943/1 recv
22:52:11.166 00:08.260 N107420369,478163327,1051802512,1181241943/1 recv
22:52:11.168 00:08.262 P107420369,1051802512,1181241943/1 recv
22:52:11.181 00:08.275 P107420369,478163327,1051802512,1181241943/2 recv
22:52:11.193 00:08.286 A/2 recv
22:52:11.201 00:08.295 A/2 recv
22:52:11.219 00:08.312 107420369 478163327 1051802512 1181241943 DECI 9
22:52:11.220 00:08.314 F9/3 recv
22:52:11.303 00:08.397 round 9: 1 3
22:52:11.304 00:08.398 pthread_join send
22:52:11.306 00:08.399 pthread_join recv
Broadcast Finished, Sleep.

Immediately stopping network packet processing.
Writing output.
