
My PID: 17455
From a new terminal type `kill -SIGINT 17455` or `kill -SIGTERM 17455` to stop processing packets

My ID: 2

List of resolved hosts is:
==========================
1
Human-readable IP: 127.0.0.1
Machine-readable IP: 16777343
Human-readbale Port: 11001
Machine-readbale Port: 63786

2
Human-readable IP: 127.0.0.1
Machine-readable IP: 16777343
Human-readbale Port: 11002
Machine-readbale Port: 64042

3
Human-readable IP: 127.0.0.1
Machine-readable IP: 16777343
Human-readbale Port: 11003
Machine-readbale Port: 64298


Path to output:
===============
/mnt/c/Users/Admin/Documents/CS451-2023-project/example/output/proc02.output
File opened and cleared successfully

Path to config:
===============
./example/output/proc02.config

Lattice Agreement:
===============
Configure result is parser.proposals_lattice[0].size()= 1
parser.proposals_lattice[1].size()= 2
parser.proposals_lattice[2].size()= 2
parser.proposals_lattice[3].size()= 2
parser.proposals_lattice[4].size()= 1
parser.proposals_lattice[5].size()= 3
parser.proposals_lattice[6].size()= 3
parser.proposals_lattice[7].size()= 1
parser.proposals_lattice[8].size()= 1
parser.proposals_lattice[9].size()= 2
SUCCESS
Numbers of proposals: 10
Doing some initialization...
22:52:02.943 00:00.028 init udp done
22:52:02.945 00:00.030 init perfectlink done

Broadcasting and delivering messages...

22:52:02.946 00:00.031 init perfectlink done
====================== round_num 0
parser.active_lattice 0
parser.ack_count_lattice 0
parser.nack_count_lattice 0
parser.active_proposal_number_lattice 0
parser.proposed_value_lattice 0
parser.accepted_value_lattice 0
parser.fin_lattice 0
22:52:02.951 00:00.036 107420369 PROP 0
22:52:02.959 00:00.044 P478163327/1 recv
22:52:02.970 00:00.055 N107420369,478163327/1 recv
22:52:02.974 00:00.059 P107420369/1 recv
22:52:02.985 00:00.070 P1051802512/1 recv
22:52:02.996 00:00.081 N107420369,478163327/1 recv
22:52:03.033 00:00.118 N107420369,478163327/1 recv
22:52:03.033 00:00.118 N107420369,478163327/1 recv
22:52:03.033 00:00.118 P478163327/1 recv
22:52:03.044 00:00.129 N107420369,478163327/1 recv
22:52:03.045 00:00.130 P1051802512/1 recv
22:52:03.055 00:00.140 N107420369,478163327/1 recv
22:52:03.056 00:00.141 P107420369/1 recv
22:52:03.067 00:00.152 N107420369,478163327,1051802512/2 recv
22:52:03.071 00:00.156 P107420369,478163327/2 recv
22:52:03.082 00:00.167 P107420369,478163327,1051802512/2 recv
22:52:03.093 00:00.178 N107420369,478163327,1051802512/2 recv
22:52:03.096 00:00.181 N107420369,478163327/1 recv
22:52:03.097 00:00.182 P478163327/1 recv
22:52:03.107 00:00.193 F0/1 recv
22:52:03.111 00:00.196 N107420369,478163327,1051802512/2 recv
22:52:03.115 00:00.200 N107420369,478163327/1 recv
22:52:03.116 00:00.201 P1051802512/1 recv
22:52:03.127 00:00.212 P107420369,478163327,1051802512/2 recv
22:52:03.138 00:00.223 N107420369,478163327/1 recv
22:52:03.138 00:00.224 P107420369,478163327/2 recv
22:52:03.150 00:00.235 P107420369/1 recv
22:52:03.161 00:00.246 N107420369,478163327,1051802512/1 recv
22:52:03.162 00:00.247 N107420369,478163327,1051802512/1 recv
22:52:03.163 00:00.248 N107420369,478163327,1051802512/2 recv
22:52:03.465 00:00.550 N107420369,478163327,1051802512/2 recv
22:52:03.468 00:00.553 N107420369,478163327,1051802512/1 recv
22:52:03.470 00:00.555 N107420369,478163327,1051802512/1 recv
22:52:03.472 00:00.557 N107420369,478163327,1051802512/2 recv
22:52:03.474 00:00.559 N107420369,478163327,1051802512/2 recv
22:52:03.475 00:00.560 N107420369,478163327/1 recv
22:52:03.476 00:00.561 P107420369,478163327/2 recv
22:52:03.488 00:00.573 P107420369,478163327,1051802512/2 recv
22:52:03.500 00:00.585 N107420369,478163327,1051802512/2 recv
22:52:03.502 00:00.587 N107420369,478163327,1051802512/1 recv
22:52:03.504 00:00.589 N107420369,478163327,1051802512/2 recv
22:52:03.505 00:00.590 F0/1 recv
22:52:03.520 00:00.605 N107420369,478163327,1051802512/1 recv
22:52:03.522 00:00.607 N107420369,478163327,1051802512/2 recv
22:52:03.524 00:00.609 N107420369,478163327/1 recv
22:52:03.525 00:00.610 P478163327/1 recv
22:52:03.538 00:00.623 N107420369,478163327,1051802512/1 recv
22:52:03.551 00:00.636 N107420369,478163327,1051802512/1 recv
22:52:03.572 00:00.657 N107420369,478163327,1051802512/2 recv
22:52:03.576 00:00.661 P107420369,478163327,1051802512/2 recv
22:52:03.593 00:00.678 N107420369,478163327,1051802512/2 recv
22:52:03.596 00:00.681 N107420369,478163327,1051802512/1 recv
22:52:03.602 00:00.687 N107420369,478163327,1051802512/2 recv
22:52:03.606 00:00.691 P107420369,478163327/2 recv
22:52:03.619 00:00.704 P107420369,478163327,1051802512/3 recv
22:52:03.631 00:00.716 F0/1 recv
22:52:03.657 00:00.742 N107420369,478163327,1051802512/1 recv
22:52:03.659 00:00.744 N107420369,478163327,1051802512/2 recv
22:52:03.660 00:00.745 F0/3 recv
Immediately stopping network packet processing.
Writing output.
