
My PID: 106226
From a new terminal type `kill -SIGINT 106226` or `kill -SIGTERM 106226` to stop processing packets

My ID: 3

List of resolved hosts is:
==========================
1
Human-readable IP: 127.0.0.1
Machine-readable IP: 16777343
Human-readbale Port: 11001
Machine-readbale Port: 63786

2
Human-readable IP: 127.0.0.1
Machine-readable IP: 16777343
Human-readbale Port: 11002
Machine-readbale Port: 64042

3
Human-readable IP: 127.0.0.1
Machine-readable IP: 16777343
Human-readbale Port: 11003
Machine-readbale Port: 64298


Path to output:
===============
/workspaces/CS451-2023-project/example/output/proc03.output

Path to config:
===============
./example/output/config

Uniform Reliable Broadcast:
===============
Configure result is SUCCESS
Numbers of messages to broadcast: 10
Doing some initialization...
Try to bind
fifo init done

Broadcasting and delivering messages...

14:58:34.124 00:00.004 pthread_create send_thread
14:58:34.141 00:00.021 pthread_create recv_thread
14:58:34.143 00:00.023 Start senderPerfectLinks
14:58:34.143 00:00.023 3->1 ;1 (x10)
14:58:34.144 00:00.024 Start senderPerfectLinks
14:58:34.144 00:00.024 3->2 ;1 (x10)
14:58:34.145 00:00.025 Start senderPerfectLinks
14:58:34.145 00:00.025 3->3 ;1 (x10)
14:58:34.146 00:00.026 b 1
14:58:34.147 00:00.027 Start senderPerfectLinks
14:58:34.147 00:00.028 3->1 ;2 (x10)
14:58:34.148 00:00.028 Start senderPerfectLinks
14:58:34.149 00:00.029 3->2 ;2 (x10)
14:58:34.149 00:00.029 Start senderPerfectLinks
14:58:34.149 00:00.029 3->3 ;2 (x10)
14:58:34.150 00:00.030 b 2
14:58:34.151 00:00.031 Start senderPerfectLinks
14:58:34.151 00:00.031 3->1 ;3 (x10)
14:58:34.152 00:00.032 Start senderPerfectLinks
14:58:34.153 00:00.033 3->2 ;3 (x10)
14:58:34.153 00:00.033 Start senderPerfectLinks
14:58:34.154 00:00.034 3->3 ;3 (x10)
14:58:34.154 00:00.034 b 3
14:58:34.155 00:00.035 Start senderPerfectLinks
14:58:34.155 00:00.036 3->1 ;4 (x10)
14:58:34.156 00:00.036 Start senderPerfectLinks
14:58:34.156 00:00.036 3->2 ;4 (x10)
14:58:34.157 00:00.037 Start senderPerfectLinks
14:58:34.157 00:00.037 3->3 ;4 (x10)
14:58:34.158 00:00.038 b 4
14:58:34.159 00:00.039 Start senderPerfectLinks
14:58:34.159 00:00.039 3->1 ;5 (x10)
14:58:34.168 00:00.048 Start senderPerfectLinks
14:58:34.169 00:00.049 3->2 ;5 (x10)
14:58:34.170 00:00.050 Start senderPerfectLinks
14:58:34.170 00:00.050 3->3 ;5 (x10)
14:58:34.171 00:00.051 b 5
14:58:34.161 00:00.041 Start receiverPerfectLinks
14:58:34.173 00:00.054 recv fr: 1 ;1
14:58:34.174 00:00.054 deli_pl: 1 ;1
